Coordinates 31.320037841796875째N -95.46874237060547째E
Elevation 114.0 m asl
Timezone b'America/Chicago' b'CST'
Timezone difference to GMT+0 -21600 s
Current time 1731074400
Current temperature_2m 72.92659759521484
Current relative_humidity_2m 93.0
Current apparent_temperature 78.1207275390625
Current is_day 1.0
Current precipitation 0.0
Current rain 0.0
Current showers 0.0
Current snowfall 0.0
Current weather_code 3.0
Current cloud_cover 100.0
Current pressure_msl 1015.2000122070312
Current surface_pressure 1001.9417114257812
Current wind_speed_10m 7.618947505950928
Current wind_direction_10m 86.63361358642578
Current wind_gusts_10m 13.645699501037598
Coordinates 31.320037841796875째N -95.46874237060547째E
Elevation 114.0 m asl
Timezone b'America/Chicago' b'CST'
Timezone difference to GMT+0 -21600 s
Current time 1731074400
Current temperature_2m 72.92659759521484
Current relative_humidity_2m 93.0
Current apparent_temperature 78.1207275390625
Current is_day 1.0
Current precipitation 0.0
Current rain 0.0
Current showers 0.0
Current snowfall 0.0
Current weather_code 3.0
Current cloud_cover 100.0
Current pressure_msl 1015.2000122070312
Current surface_pressure 1001.9417114257812
Current wind_speed_10m 7.618947505950928
Current wind_direction_10m 86.63361358642578
Current wind_gusts_10m 13.645699501037598
